# JRE version: Java(TM) SE Runtime Environment (15.0.1+9) (build 15.0.1+9-18)
# Java VM: Java HotSpot(TM) 64-Bit Server VM (15.0.1+9-18, mixed mode, sharing, tiered, compressed oops, g1 gc, windows-amd64)
GC Precious Log:
 CPUs: 8 total, 8 available
 Memory: 16289M
 Large Page Support: Disabled
 NUMA Support: Disabled
 Compressed Oops: Enabled (Zero based)
 Heap Region Size: 2M
 Heap Min Capacity: 8M
 Heap Initial Capacity: 256M
 Heap Max Capacity: 4074M
 Pre-touch: Disabled
 Parallel Workers: 8
 Concurrent Workers: 2
 Concurrent Refinement Workers: 8
 Periodic GC: Disabled
Heap:
 garbage-first heap   total 161792K, used 64511K [0x0000000701600000, 0x0000000800000000)
  region size 2048K, 22 young (45056K), 2 survivors (4096K)
 Metaspace       used 27045K, capacity 27539K, committed 27776K, reserved 1073152K
  class space    used 2991K, capacity 3155K, committed 3200K, reserved 1048576K
GC Heap History (12 events):
Event: 0.565 GC heap before
{Heap before GC invocations=0 (full 0):
 garbage-first heap   total 262144K, used 22528K [0x0000000701600000, 0x0000000800000000)
  region size 2048K, 11 young (22528K), 0 survivors (0K)
 Metaspace       used 5111K, capacity 7734K, committed 7808K, reserved 1056768K
  class space    used 585K, capacity 854K, committed 896K, reserved 1048576K
}
Event: 0.568 GC heap after
{Heap after GC invocations=1 (full 0):
 garbage-first heap   total 262144K, used 3537K [0x0000000701600000, 0x0000000800000000)
  region size 2048K, 2 young (4096K), 2 survivors (4096K)
 Metaspace       used 5111K, capacity 7734K, committed 7808K, reserved 1056768K
  class space    used 585K, capacity 854K, committed 896K, reserved 1048576K
}
Event: 0.960 GC heap before
{Heap before GC invocations=1 (full 0):
 garbage-first heap   total 262144K, used 30161K [0x0000000701600000, 0x0000000800000000)
  region size 2048K, 15 young (30720K), 2 survivors (4096K)
 Metaspace       used 8990K, capacity 11190K, committed 11392K, reserved 1058816K
  class space    used 1059K, capacity 1317K, committed 1408K, reserved 1048576K
}
Event: 0.964 GC heap after
{Heap after GC invocations=2 (full 0):
 garbage-first heap   total 262144K, used 4835K [0x0000000701600000, 0x0000000800000000)
  region size 2048K, 1 young (2048K), 1 survivors (2048K)
 Metaspace       used 8990K, capacity 11190K, committed 11392K, reserved 1058816K
  class space    used 1059K, capacity 1317K, committed 1408K, reserved 1048576K
}
Event: 3.891 GC heap before
{Heap before GC invocations=2 (full 0):
 garbage-first heap   total 262144K, used 156387K [0x0000000701600000, 0x0000000800000000)
  region size 2048K, 76 young (155648K), 1 survivors (2048K)
 Metaspace       used 18412K, capacity 19440K, committed 19712K, reserved 1067008K
  class space    used 2039K, capacity 2248K, committed 2304K, reserved 1048576K
}
Event: 3.904 GC heap after
{Heap after GC invocations=3 (full 0):
 garbage-first heap   total 262144K, used 13584K [0x0000000701600000, 0x0000000800000000)
  region size 2048K, 5 young (10240K), 5 survivors (10240K)
 Metaspace       used 18412K, capacity 19440K, committed 19712K, reserved 1067008K
  class space    used 2039K, capacity 2248K, committed 2304K, reserved 1048576K
}
Event: 4.009 GC heap before
{Heap before GC invocations=3 (full 0):
 garbage-first heap   total 262144K, used 21776K [0x0000000701600000, 0x0000000800000000)
  region size 2048K, 10 young (20480K), 5 survivors (10240K)
 Metaspace       used 20371K, capacity 21149K, committed 21248K, reserved 1069056K
  class space    used 2324K, capacity 2519K, committed 2560K, reserved 1048576K
}
Event: 4.016 GC heap after
{Heap after GC invocations=4 (full 0):
 garbage-first heap   total 262144K, used 14337K [0x0000000701600000, 0x0000000800000000)
  region size 2048K, 6 young (12288K), 6 survivors (12288K)
 Metaspace       used 20371K, capacity 21149K, committed 21248K, reserved 1069056K
  class space    used 2324K, capacity 2519K, committed 2560K, reserved 1048576K
}
Event: 4.482 GC heap before
{Heap before GC invocations=5 (full 0):
 garbage-first heap   total 61440K, used 38913K [0x0000000701600000, 0x0000000800000000)
  region size 2048K, 18 young (36864K), 6 survivors (12288K)
 Metaspace       used 24756K, capacity 25319K, committed 25600K, reserved 1071104K
  class space    used 2756K, capacity 2949K, committed 3072K, reserved 1048576K
}
Event: 4.497 GC heap after
{Heap after GC invocations=6 (full 0):
 garbage-first heap   total 61440K, used 21787K [0x0000000701600000, 0x0000000800000000)
  region size 2048K, 3 young (6144K), 3 survivors (6144K)
 Metaspace       used 24756K, capacity 25319K, committed 25600K, reserved 1071104K
  class space    used 2756K, capacity 2949K, committed 3072K, reserved 1048576K
}
Event: 4.580 GC heap before
{Heap before GC invocations=6 (full 0):
 garbage-first heap   total 61440K, used 40219K [0x0000000701600000, 0x0000000800000000)
  region size 2048K, 13 young (26624K), 3 survivors (6144K)
 Metaspace       used 24765K, capacity 25319K, committed 25600K, reserved 1071104K
  class space    used 2756K, capacity 2949K, committed 3072K, reserved 1048576K
}
Event: 4.587 GC heap after
{Heap after GC invocations=7 (full 0):
 garbage-first heap   total 161792K, used 25599K [0x0000000701600000, 0x0000000800000000)
  region size 2048K, 2 young (4096K), 2 survivors (4096K)
 Metaspace       used 24765K, capacity 25319K, committed 25600K, reserved 1071104K
  class space    used 2756K, capacity 2949K, committed 3072K, reserved 1048576K
}

